{"/Users/edwardforero/projects/reto indra/swapi-master/src/adapters/peopleAdapter.js": {"path":"/Users/edwardforero/projects/reto indra/swapi-master/src/adapters/peopleAdapter.js","statementMap":{"0":{"start":{"line":1,"column":15},"end":{"line":1,"column":42}},"1":{"start":{"line":3,"column":0},"end":{"line":22,"column":1}},"2":{"start":{"line":4,"column":19},"end":{"line":4,"column":31}},"3":{"start":{"line":5,"column":4},"end":{"line":5,"column":45}},"4":{"start":{"line":6,"column":4},"end":{"line":6,"column":39}},"5":{"start":{"line":7,"column":4},"end":{"line":7,"column":36}},"6":{"start":{"line":8,"column":4},"end":{"line":8,"column":34}},"7":{"start":{"line":9,"column":4},"end":{"line":9,"column":44}},"8":{"start":{"line":10,"column":4},"end":{"line":10,"column":34}},"9":{"start":{"line":11,"column":4},"end":{"line":11,"column":41}},"10":{"start":{"line":12,"column":4},"end":{"line":12,"column":30}},"11":{"start":{"line":13,"column":4},"end":{"line":13,"column":32}},"12":{"start":{"line":14,"column":4},"end":{"line":14,"column":41}},"13":{"start":{"line":15,"column":4},"end":{"line":15,"column":35}},"14":{"start":{"line":16,"column":4},"end":{"line":16,"column":35}},"15":{"start":{"line":17,"column":4},"end":{"line":17,"column":37}},"16":{"start":{"line":18,"column":4},"end":{"line":18,"column":36}},"17":{"start":{"line":19,"column":4},"end":{"line":19,"column":28}},"18":{"start":{"line":20,"column":4},"end":{"line":20,"column":39}},"19":{"start":{"line":21,"column":4},"end":{"line":21,"column":18}}},"fnMap":{"0":{"name":"(anonymous_0)","decl":{"start":{"line":3,"column":17},"end":{"line":3,"column":18}},"loc":{"start":{"line":3,"column":29},"end":{"line":22,"column":1}},"line":3}},"branchMap":{},"s":{"0":2,"1":2,"2":2,"3":2,"4":2,"5":2,"6":2,"7":2,"8":2,"9":2,"10":2,"11":2,"12":2,"13":2,"14":2,"15":2,"16":2,"17":2,"18":2,"19":2},"f":{"0":2},"b":{},"_coverageSchema":"1a1c01bbd47fc00a2c39e90264f33305004495a9","hash":"ffae77592778bda46a4868c858c70e84a5d285f5"}
,"/Users/edwardforero/projects/reto indra/swapi-master/src/lambdas/people/get-by-id.js": {"path":"/Users/edwardforero/projects/reto indra/swapi-master/src/lambdas/people/get-by-id.js","statementMap":{"0":{"start":{"line":1,"column":24},"end":{"line":1,"column":59}},"1":{"start":{"line":2,"column":28},"end":{"line":2,"column":66}},"2":{"start":{"line":5,"column":15},"end":{"line":5,"column":40}},"3":{"start":{"line":7,"column":0},"end":{"line":25,"column":2}},"4":{"start":{"line":9,"column":2},"end":{"line":11,"column":3}},"5":{"start":{"line":10,"column":4},"end":{"line":10,"column":76}},"6":{"start":{"line":12,"column":19},"end":{"line":12,"column":36}},"7":{"start":{"line":13,"column":2},"end":{"line":24,"column":3}},"8":{"start":{"line":14,"column":21},"end":{"line":14,"column":47}},"9":{"start":{"line":15,"column":4},"end":{"line":15,"column":25}},"10":{"start":{"line":16,"column":4},"end":{"line":20,"column":5}},"11":{"start":{"line":17,"column":6},"end":{"line":17,"column":49}},"12":{"start":{"line":19,"column":6},"end":{"line":19,"column":76}},"13":{"start":{"line":22,"column":4},"end":{"line":22,"column":19}},"14":{"start":{"line":23,"column":4},"end":{"line":23,"column":50}}},"fnMap":{"0":{"name":"(anonymous_0)","decl":{"start":{"line":7,"column":22},"end":{"line":7,"column":23}},"loc":{"start":{"line":7,"column":50},"end":{"line":25,"column":1}},"line":7}},"branchMap":{"0":{"loc":{"start":{"line":9,"column":2},"end":{"line":11,"column":3}},"type":"if","locations":[{"start":{"line":9,"column":2},"end":{"line":11,"column":3}},{"start":{"line":9,"column":2},"end":{"line":11,"column":3}}],"line":9},"1":{"loc":{"start":{"line":9,"column":7},"end":{"line":9,"column":44}},"type":"binary-expr","locations":[{"start":{"line":9,"column":7},"end":{"line":9,"column":22}},{"start":{"line":9,"column":26},"end":{"line":9,"column":44}}],"line":9},"2":{"loc":{"start":{"line":16,"column":4},"end":{"line":20,"column":5}},"type":"if","locations":[{"start":{"line":16,"column":4},"end":{"line":20,"column":5}},{"start":{"line":16,"column":4},"end":{"line":20,"column":5}}],"line":16}},"s":{"0":0,"1":0,"2":0,"3":0,"4":0,"5":0,"6":0,"7":0,"8":0,"9":0,"10":0,"11":0,"12":0,"13":0,"14":0},"f":{"0":0},"b":{"0":[0,0],"1":[0,0],"2":[0,0]}}
,"/Users/edwardforero/projects/reto indra/swapi-master/src/lambdas/people/post.js": {"path":"/Users/edwardforero/projects/reto indra/swapi-master/src/lambdas/people/post.js","statementMap":{"0":{"start":{"line":1,"column":27},"end":{"line":1,"column":64}},"1":{"start":{"line":2,"column":28},"end":{"line":2,"column":66}},"2":{"start":{"line":3,"column":24},"end":{"line":3,"column":59}},"3":{"start":{"line":5,"column":15},"end":{"line":5,"column":40}},"4":{"start":{"line":6,"column":20},"end":{"line":6,"column":44}},"5":{"start":{"line":9,"column":0},"end":{"line":35,"column":2}},"6":{"start":{"line":11,"column":2},"end":{"line":13,"column":3}},"7":{"start":{"line":12,"column":4},"end":{"line":12,"column":61}},"8":{"start":{"line":14,"column":23},"end":{"line":14,"column":39}},"9":{"start":{"line":15,"column":2},"end":{"line":17,"column":3}},"10":{"start":{"line":16,"column":4},"end":{"line":16,"column":79}},"11":{"start":{"line":19,"column":2},"end":{"line":34,"column":3}},"12":{"start":{"line":20,"column":27},"end":{"line":20,"column":53}},"13":{"start":{"line":21,"column":4},"end":{"line":23,"column":5}},"14":{"start":{"line":22,"column":6},"end":{"line":22,"column":93}},"15":{"start":{"line":24,"column":26},"end":{"line":24,"column":57}},"16":{"start":{"line":25,"column":4},"end":{"line":30,"column":5}},"17":{"start":{"line":26,"column":6},"end":{"line":26,"column":48}},"18":{"start":{"line":27,"column":6},"end":{"line":27,"column":59}},"19":{"start":{"line":29,"column":6},"end":{"line":29,"column":76}},"20":{"start":{"line":32,"column":4},"end":{"line":32,"column":19}},"21":{"start":{"line":33,"column":4},"end":{"line":33,"column":50}}},"fnMap":{"0":{"name":"(anonymous_0)","decl":{"start":{"line":9,"column":22},"end":{"line":9,"column":23}},"loc":{"start":{"line":9,"column":40},"end":{"line":35,"column":1}},"line":9}},"branchMap":{"0":{"loc":{"start":{"line":11,"column":2},"end":{"line":13,"column":3}},"type":"if","locations":[{"start":{"line":11,"column":2},"end":{"line":13,"column":3}},{"start":{"line":11,"column":2},"end":{"line":13,"column":3}}],"line":11},"1":{"loc":{"start":{"line":15,"column":2},"end":{"line":17,"column":3}},"type":"if","locations":[{"start":{"line":15,"column":2},"end":{"line":17,"column":3}},{"start":{"line":15,"column":2},"end":{"line":17,"column":3}}],"line":15},"2":{"loc":{"start":{"line":21,"column":4},"end":{"line":23,"column":5}},"type":"if","locations":[{"start":{"line":21,"column":4},"end":{"line":23,"column":5}},{"start":{"line":21,"column":4},"end":{"line":23,"column":5}}],"line":21},"3":{"loc":{"start":{"line":25,"column":4},"end":{"line":30,"column":5}},"type":"if","locations":[{"start":{"line":25,"column":4},"end":{"line":30,"column":5}},{"start":{"line":25,"column":4},"end":{"line":30,"column":5}}],"line":25}},"s":{"0":0,"1":0,"2":0,"3":0,"4":0,"5":0,"6":0,"7":0,"8":0,"9":0,"10":0,"11":0,"12":0,"13":0,"14":0,"15":0,"16":0,"17":0,"18":0,"19":0,"20":0,"21":0},"f":{"0":0},"b":{"0":[0,0],"1":[0,0],"2":[0,0],"3":[0,0]}}
,"/Users/edwardforero/projects/reto indra/swapi-master/src/lambdas/people_swapi/get-by-id.js": {"path":"/Users/edwardforero/projects/reto indra/swapi-master/src/lambdas/people_swapi/get-by-id.js","statementMap":{"0":{"start":{"line":1,"column":27},"end":{"line":1,"column":64}},"1":{"start":{"line":2,"column":24},"end":{"line":2,"column":59}},"2":{"start":{"line":4,"column":20},"end":{"line":4,"column":44}},"3":{"start":{"line":6,"column":0},"end":{"line":24,"column":2}},"4":{"start":{"line":8,"column":2},"end":{"line":10,"column":3}},"5":{"start":{"line":9,"column":4},"end":{"line":9,"column":76}},"6":{"start":{"line":11,"column":19},"end":{"line":11,"column":36}},"7":{"start":{"line":13,"column":2},"end":{"line":23,"column":3}},"8":{"start":{"line":14,"column":21},"end":{"line":14,"column":52}},"9":{"start":{"line":15,"column":4},"end":{"line":19,"column":5}},"10":{"start":{"line":16,"column":6},"end":{"line":16,"column":49}},"11":{"start":{"line":18,"column":6},"end":{"line":18,"column":76}},"12":{"start":{"line":21,"column":4},"end":{"line":21,"column":19}},"13":{"start":{"line":22,"column":4},"end":{"line":22,"column":50}}},"fnMap":{"0":{"name":"(anonymous_0)","decl":{"start":{"line":6,"column":22},"end":{"line":6,"column":23}},"loc":{"start":{"line":6,"column":50},"end":{"line":24,"column":1}},"line":6}},"branchMap":{"0":{"loc":{"start":{"line":8,"column":2},"end":{"line":10,"column":3}},"type":"if","locations":[{"start":{"line":8,"column":2},"end":{"line":10,"column":3}},{"start":{"line":8,"column":2},"end":{"line":10,"column":3}}],"line":8},"1":{"loc":{"start":{"line":8,"column":7},"end":{"line":8,"column":44}},"type":"binary-expr","locations":[{"start":{"line":8,"column":7},"end":{"line":8,"column":22}},{"start":{"line":8,"column":26},"end":{"line":8,"column":44}}],"line":8},"2":{"loc":{"start":{"line":15,"column":4},"end":{"line":19,"column":5}},"type":"if","locations":[{"start":{"line":15,"column":4},"end":{"line":19,"column":5}},{"start":{"line":15,"column":4},"end":{"line":19,"column":5}}],"line":15}},"s":{"0":0,"1":0,"2":0,"3":0,"4":0,"5":0,"6":0,"7":0,"8":0,"9":0,"10":0,"11":0,"12":0,"13":0},"f":{"0":0},"b":{"0":[0,0],"1":[0,0],"2":[0,0]}}
,"/Users/edwardforero/projects/reto indra/swapi-master/src/models/people.js": {"path":"/Users/edwardforero/projects/reto indra/swapi-master/src/models/people.js","statementMap":{"0":{"start":{"line":3,"column":8},"end":{"line":3,"column":34}},"1":{"start":{"line":4,"column":8},"end":{"line":4,"column":29}},"2":{"start":{"line":5,"column":8},"end":{"line":5,"column":28}},"3":{"start":{"line":6,"column":8},"end":{"line":6,"column":27}},"4":{"start":{"line":7,"column":8},"end":{"line":7,"column":33}},"5":{"start":{"line":8,"column":8},"end":{"line":8,"column":27}},"6":{"start":{"line":9,"column":8},"end":{"line":9,"column":31}},"7":{"start":{"line":10,"column":8},"end":{"line":10,"column":25}},"8":{"start":{"line":11,"column":8},"end":{"line":11,"column":27}},"9":{"start":{"line":12,"column":8},"end":{"line":12,"column":30}},"10":{"start":{"line":13,"column":8},"end":{"line":13,"column":27}},"11":{"start":{"line":14,"column":8},"end":{"line":14,"column":28}},"12":{"start":{"line":15,"column":8},"end":{"line":15,"column":27}},"13":{"start":{"line":16,"column":8},"end":{"line":16,"column":24}},"14":{"start":{"line":17,"column":8},"end":{"line":17,"column":24}},"15":{"start":{"line":18,"column":8},"end":{"line":18,"column":28}},"16":{"start":{"line":22,"column":0},"end":{"line":22,"column":24}}},"fnMap":{"0":{"name":"(anonymous_0)","decl":{"start":{"line":2,"column":4},"end":{"line":2,"column":5}},"loc":{"start":{"line":2,"column":18},"end":{"line":19,"column":5}},"line":2}},"branchMap":{},"s":{"0":2,"1":2,"2":2,"3":2,"4":2,"5":2,"6":2,"7":2,"8":2,"9":2,"10":2,"11":2,"12":2,"13":2,"14":2,"15":2,"16":2},"f":{"0":2},"b":{},"_coverageSchema":"1a1c01bbd47fc00a2c39e90264f33305004495a9","hash":"3d03d877c1b0622dc11321c862886ea445a18a89"}
,"/Users/edwardforero/projects/reto indra/swapi-master/src/services/peopleDynamo.js": {"path":"/Users/edwardforero/projects/reto indra/swapi-master/src/services/peopleDynamo.js","statementMap":{"0":{"start":{"line":1,"column":12},"end":{"line":1,"column":30}},"1":{"start":{"line":3,"column":18},"end":{"line":3,"column":45}},"2":{"start":{"line":8,"column":25},"end":{"line":8,"column":58}},"3":{"start":{"line":9,"column":26},"end":{"line":20,"column":20}},"4":{"start":{"line":21,"column":6},"end":{"line":23,"column":7}},"5":{"start":{"line":22,"column":8},"end":{"line":22,"column":24}},"6":{"start":{"line":24,"column":6},"end":{"line":24,"column":16}},"7":{"start":{"line":28,"column":23},"end":{"line":28,"column":56}},"8":{"start":{"line":29,"column":6},"end":{"line":37,"column":19}},"9":{"start":{"line":42,"column":0},"end":{"line":42,"column":37}}},"fnMap":{"0":{"name":"(anonymous_0)","decl":{"start":{"line":7,"column":4},"end":{"line":7,"column":5}},"loc":{"start":{"line":7,"column":24},"end":{"line":25,"column":5}},"line":7},"1":{"name":"(anonymous_1)","decl":{"start":{"line":27,"column":4},"end":{"line":27,"column":5}},"loc":{"start":{"line":27,"column":32},"end":{"line":38,"column":5}},"line":27}},"branchMap":{"0":{"loc":{"start":{"line":21,"column":6},"end":{"line":23,"column":7}},"type":"if","locations":[{"start":{"line":21,"column":6},"end":{"line":23,"column":7}},{"start":{"line":21,"column":6},"end":{"line":23,"column":7}}],"line":21},"1":{"loc":{"start":{"line":21,"column":11},"end":{"line":21,"column":36}},"type":"binary-expr","locations":[{"start":{"line":21,"column":11},"end":{"line":21,"column":16}},{"start":{"line":21,"column":20},"end":{"line":21,"column":36}}],"line":21}},"s":{"0":1,"1":1,"2":0,"3":0,"4":0,"5":0,"6":0,"7":0,"8":0,"9":1},"f":{"0":0,"1":0},"b":{"0":[0,0],"1":[0,0]},"_coverageSchema":"1a1c01bbd47fc00a2c39e90264f33305004495a9","hash":"c19e55ec03f8773b6a71fd2e5d171408f7fa60ec"}
,"/Users/edwardforero/projects/reto indra/swapi-master/src/services/peopleSwapi.js": {"path":"/Users/edwardforero/projects/reto indra/swapi-master/src/services/peopleSwapi.js","statementMap":{"0":{"start":{"line":2,"column":17},"end":{"line":2,"column":38}},"1":{"start":{"line":3,"column":22},"end":{"line":3,"column":58}},"2":{"start":{"line":9,"column":8},"end":{"line":9,"column":38}},"3":{"start":{"line":10,"column":25},"end":{"line":10,"column":48}},"4":{"start":{"line":11,"column":8},"end":{"line":15,"column":9}},"5":{"start":{"line":12,"column":10},"end":{"line":12,"column":46}},"6":{"start":{"line":14,"column":10},"end":{"line":14,"column":20}},"7":{"start":{"line":20,"column":0},"end":{"line":20,"column":36}}},"fnMap":{"0":{"name":"(anonymous_0)","decl":{"start":{"line":8,"column":4},"end":{"line":8,"column":5}},"loc":{"start":{"line":8,"column":18},"end":{"line":16,"column":5}},"line":8}},"branchMap":{"0":{"loc":{"start":{"line":11,"column":8},"end":{"line":15,"column":9}},"type":"if","locations":[{"start":{"line":11,"column":8},"end":{"line":15,"column":9}},{"start":{"line":11,"column":8},"end":{"line":15,"column":9}}],"line":11}},"s":{"0":2,"1":2,"2":1,"3":1,"4":1,"5":1,"6":0,"7":2},"f":{"0":1},"b":{"0":[1,0]},"_coverageSchema":"1a1c01bbd47fc00a2c39e90264f33305004495a9","hash":"201509d986c794f08abaee8ee913fea1f1dc3687"}
,"/Users/edwardforero/projects/reto indra/swapi-master/src/services/swapiApi.js": {"path":"/Users/edwardforero/projects/reto indra/swapi-master/src/services/swapiApi.js","statementMap":{"0":{"start":{"line":1,"column":14},"end":{"line":1,"column":30}},"1":{"start":{"line":2,"column":17},"end":{"line":2,"column":37}},"2":{"start":{"line":7,"column":6},"end":{"line":7,"column":21}},"3":{"start":{"line":11,"column":20},"end":{"line":11,"column":49}},"4":{"start":{"line":12,"column":8},"end":{"line":12,"column":36}},"5":{"start":{"line":17,"column":0},"end":{"line":17,"column":26}}},"fnMap":{"0":{"name":"(anonymous_0)","decl":{"start":{"line":6,"column":4},"end":{"line":6,"column":5}},"loc":{"start":{"line":6,"column":22},"end":{"line":8,"column":5}},"line":6},"1":{"name":"(anonymous_1)","decl":{"start":{"line":10,"column":4},"end":{"line":10,"column":5}},"loc":{"start":{"line":10,"column":23},"end":{"line":13,"column":5}},"line":10}},"branchMap":{},"s":{"0":2,"1":2,"2":2,"3":1,"4":1,"5":2},"f":{"0":2,"1":1},"b":{},"_coverageSchema":"1a1c01bbd47fc00a2c39e90264f33305004495a9","hash":"33e802a706478c98e6bcd25b39fceec2665e1536"}
,"/Users/edwardforero/projects/reto indra/swapi-master/src/utils/response-lib.js": {"path":"/Users/edwardforero/projects/reto indra/swapi-master/src/utils/response-lib.js","statementMap":{"0":{"start":{"line":1,"column":0},"end":{"line":14,"column":1}},"1":{"start":{"line":3,"column":4},"end":{"line":3,"column":36}},"2":{"start":{"line":6,"column":4},"end":{"line":6,"column":36}},"3":{"start":{"line":9,"column":4},"end":{"line":9,"column":36}},"4":{"start":{"line":12,"column":4},"end":{"line":12,"column":36}},"5":{"start":{"line":17,"column":2},"end":{"line":24,"column":4}}},"fnMap":{"0":{"name":"(anonymous_0)","decl":{"start":{"line":2,"column":11},"end":{"line":2,"column":12}},"loc":{"start":{"line":2,"column":26},"end":{"line":4,"column":3}},"line":2},"1":{"name":"(anonymous_1)","decl":{"start":{"line":5,"column":11},"end":{"line":5,"column":12}},"loc":{"start":{"line":5,"column":26},"end":{"line":7,"column":3}},"line":5},"2":{"name":"(anonymous_2)","decl":{"start":{"line":8,"column":12},"end":{"line":8,"column":13}},"loc":{"start":{"line":8,"column":27},"end":{"line":10,"column":3}},"line":8},"3":{"name":"(anonymous_3)","decl":{"start":{"line":11,"column":14},"end":{"line":11,"column":15}},"loc":{"start":{"line":11,"column":29},"end":{"line":13,"column":3}},"line":11},"4":{"name":"buildResponse","decl":{"start":{"line":16,"column":9},"end":{"line":16,"column":22}},"loc":{"start":{"line":16,"column":41},"end":{"line":25,"column":1}},"line":16}},"branchMap":{},"s":{"0":0,"1":0,"2":0,"3":0,"4":0,"5":0},"f":{"0":0,"1":0,"2":0,"3":0,"4":0},"b":{}}
}
